
Collecting usage statistics. To deactivate, set browser.gatherUsageStats to false.

2026-07-05 02:47:45.847 Uvicorn server started on 0.0.0.0:8501

  You can now view your Streamlit app in your browser.

  Local URL: http://localhost:8501
  Network URL: http://10.142.0.2:8501
  External URL: http://35.229.118.82:8501

2026-07-05 02:52:13.698 Please replace `use_container_width` with `width`.

`use_container_width` will be removed after 2025-12-31.

For `use_container_width=True`, use `width='stretch'`. For `use_container_width=False`, use `width='content'`.
2026-07-05 02:52:29.832 Please replace `use_container_width` with `width`.

`use_container_width` will be removed after 2025-12-31.

For `use_container_width=True`, use `width='stretch'`. For `use_container_width=False`, use `width='content'`.
2026-07-05 02:52:29.918 Please replace `use_container_width` with `width`.

`use_container_width` will be removed after 2025-12-31.

For `use_container_width=True`, use `width='stretch'`. For `use_container_width=False`, use `width='content'`.
2026-07-05 02:55:42.746 Please replace `use_container_width` with `width`.

`use_container_width` will be removed after 2025-12-31.

For `use_container_width=True`, use `width='stretch'`. For `use_container_width=False`, use `width='content'`.
Invalid HTTP request received.
Invalid HTTP request received.
Invalid HTTP request received.
Invalid HTTP request received.
Invalid HTTP request received.
Invalid HTTP request received.
Invalid HTTP request received.
Invalid HTTP request received.
Invalid HTTP request received.
Invalid HTTP request received.
Invalid HTTP request received.
Invalid HTTP request received.
Invalid HTTP request received.
Invalid HTTP request received.
Invalid HTTP request received.
Invalid HTTP request received.
Invalid HTTP request received.
Invalid HTTP request received.
Invalid HTTP request received.
Invalid HTTP request received.
Invalid HTTP request received.
Invalid HTTP request received.
Invalid HTTP request received.
Invalid HTTP request received.
Invalid HTTP request received.
Invalid HTTP request received.
Invalid HTTP request received.
Invalid HTTP request received.
Invalid HTTP request received.
Invalid HTTP request received.
Invalid HTTP request received.
Invalid HTTP request received.
Invalid HTTP request received.
Invalid HTTP request received.
Invalid HTTP request received.
Invalid HTTP request received.
Invalid HTTP request received.
Invalid HTTP request received.
Invalid HTTP request received.
Invalid HTTP request received.
Invalid HTTP request received.
Invalid HTTP request received.
Invalid HTTP request received.
Invalid HTTP request received.
Invalid HTTP request received.
Invalid HTTP request received.
Invalid HTTP request received.
Invalid HTTP request received.
Invalid HTTP request received.
Invalid HTTP request received.
Invalid HTTP request received.
Invalid HTTP request received.
Invalid HTTP request received.
Invalid HTTP request received.
Invalid HTTP request received.
Invalid HTTP request received.
Invalid HTTP request received.
Invalid HTTP request received.
Invalid HTTP request received.
Invalid HTTP request received.
Invalid HTTP request received.
Invalid HTTP request received.
Invalid HTTP request received.
Invalid HTTP request received.
Invalid HTTP request received.
Invalid HTTP request received.
Invalid HTTP request received.
Invalid HTTP request received.
Invalid HTTP request received.
Invalid HTTP request received.
Invalid HTTP request received.
Invalid HTTP request received.
Invalid HTTP request received.
Invalid HTTP request received.
Invalid HTTP request received.
Invalid HTTP request received.
Invalid HTTP request received.
Invalid HTTP request received.
Invalid HTTP request received.
Invalid HTTP request received.
Invalid HTTP request received.
Invalid HTTP request received.
Invalid HTTP request received.
Invalid HTTP request received.
Invalid HTTP request received.
Invalid HTTP request received.
Invalid HTTP request received.
Invalid HTTP request received.
Invalid HTTP request received.
Invalid HTTP request received.
Invalid HTTP request received.
Invalid HTTP request received.
Invalid HTTP request received.
Invalid HTTP request received.
Invalid HTTP request received.
Invalid HTTP request received.
Invalid HTTP request received.
Invalid HTTP request received.
Invalid HTTP request received.
Invalid HTTP request received.
Invalid HTTP request received.
Invalid HTTP request received.
Invalid HTTP request received.
Invalid HTTP request received.
Invalid HTTP request received.
Invalid HTTP request received.
Invalid HTTP request received.
Invalid HTTP request received.
Invalid HTTP request received.
Invalid HTTP request received.
Invalid HTTP request received.
Invalid HTTP request received.
Invalid HTTP request received.
Invalid HTTP request received.
Invalid HTTP request received.
Invalid HTTP request received.
Invalid HTTP request received.
Invalid HTTP request received.
Invalid HTTP request received.
Invalid HTTP request received.
Invalid HTTP request received.
Invalid HTTP request received.
Invalid HTTP request received.
Invalid HTTP request received.
Invalid HTTP request received.
Invalid HTTP request received.
Invalid HTTP request received.
Invalid HTTP request received.
Invalid HTTP request received.
Invalid HTTP request received.
Invalid HTTP request received.
Invalid HTTP request received.
Invalid HTTP request received.
Invalid HTTP request received.
Invalid HTTP request received.
Invalid HTTP request received.
Invalid HTTP request received.
Invalid HTTP request received.
Invalid HTTP request received.
Invalid HTTP request received.
Invalid HTTP request received.
Invalid HTTP request received.
Invalid HTTP request received.
Invalid HTTP request received.
Invalid HTTP request received.
Invalid HTTP request received.
Invalid HTTP request received.
Invalid HTTP request received.
Invalid HTTP request received.
Invalid HTTP request received.
Invalid HTTP request received.
Invalid HTTP request received.
Invalid HTTP request received.
Invalid HTTP request received.
Invalid HTTP request received.
Invalid HTTP request received.
Invalid HTTP request received.
Invalid HTTP request received.
Invalid HTTP request received.
Invalid HTTP request received.
Invalid HTTP request received.
Invalid HTTP request received.
Invalid HTTP request received.
Invalid HTTP request received.
Invalid HTTP request received.
Invalid HTTP request received.
Invalid HTTP request received.
Invalid HTTP request received.
Invalid HTTP request received.
Invalid HTTP request received.
Invalid HTTP request received.
Invalid HTTP request received.
Invalid HTTP request received.
Invalid HTTP request received.
Invalid HTTP request received.
Invalid HTTP request received.
Invalid HTTP request received.
Invalid HTTP request received.
Invalid HTTP request received.
Invalid HTTP request received.
Invalid HTTP request received.
Invalid HTTP request received.
Invalid HTTP request received.
Invalid HTTP request received.
Invalid HTTP request received.
Invalid HTTP request received.
Invalid HTTP request received.
Invalid HTTP request received.
Invalid HTTP request received.
Invalid HTTP request received.
Invalid HTTP request received.
Invalid HTTP request received.
Invalid HTTP request received.
Invalid HTTP request received.
Invalid HTTP request received.
Invalid HTTP request received.
Invalid HTTP request received.
Invalid HTTP request received.
Invalid HTTP request received.
Invalid HTTP request received.
Invalid HTTP request received.
Invalid HTTP request received.
Invalid HTTP request received.
Invalid HTTP request received.
Invalid HTTP request received.
Invalid HTTP request received.
Invalid HTTP request received.
Invalid HTTP request received.
Invalid HTTP request received.
Invalid HTTP request received.
Invalid HTTP request received.
Invalid HTTP request received.
Invalid HTTP request received.
Invalid HTTP request received.
Invalid HTTP request received.
Invalid HTTP request received.
Invalid HTTP request received.
Invalid HTTP request received.
Invalid HTTP request received.
Invalid HTTP request received.
Invalid HTTP request received.
Invalid HTTP request received.
Invalid HTTP request received.
Invalid HTTP request received.
Invalid HTTP request received.
Invalid HTTP request received.
Invalid HTTP request received.
Invalid HTTP request received.
Invalid HTTP request received.
Invalid HTTP request received.
Invalid HTTP request received.
Invalid HTTP request received.
Invalid HTTP request received.
Invalid HTTP request received.
Invalid HTTP request received.
Invalid HTTP request received.
Invalid HTTP request received.
Invalid HTTP request received.
Invalid HTTP request received.
Invalid HTTP request received.
Invalid HTTP request received.
Invalid HTTP request received.
Invalid HTTP request received.
Invalid HTTP request received.
Invalid HTTP request received.
Invalid HTTP request received.
Invalid HTTP request received.
Invalid HTTP request received.
Invalid HTTP request received.
Invalid HTTP request received.
Invalid HTTP request received.
Invalid HTTP request received.
Invalid HTTP request received.
Invalid HTTP request received.
Invalid HTTP request received.
Invalid HTTP request received.
Invalid HTTP request received.
Invalid HTTP request received.
Invalid HTTP request received.
Invalid HTTP request received.
Invalid HTTP request received.
Invalid HTTP request received.
Invalid HTTP request received.
Invalid HTTP request received.
Invalid HTTP request received.
Invalid HTTP request received.
Invalid HTTP request received.
Invalid HTTP request received.
Invalid HTTP request received.
Invalid HTTP request received.
Invalid HTTP request received.
Invalid HTTP request received.
Invalid HTTP request received.
Invalid HTTP request received.
Invalid HTTP request received.
Invalid HTTP request received.
Invalid HTTP request received.
Invalid HTTP request received.
Invalid HTTP request received.
Invalid HTTP request received.
Invalid HTTP request received.
Invalid HTTP request received.
Invalid HTTP request received.
Invalid HTTP request received.
Invalid HTTP request received.
Invalid HTTP request received.
Invalid HTTP request received.
Invalid HTTP request received.
Invalid HTTP request received.
Invalid HTTP request received.
Invalid HTTP request received.
Invalid HTTP request received.
Invalid HTTP request received.
Invalid HTTP request received.
Invalid HTTP request received.
Invalid HTTP request received.
Invalid HTTP request received.
Invalid HTTP request received.
Invalid HTTP request received.
Invalid HTTP request received.
Invalid HTTP request received.
Invalid HTTP request received.
Invalid HTTP request received.
Invalid HTTP request received.
Invalid HTTP request received.
Invalid HTTP request received.
Invalid HTTP request received.
Invalid HTTP request received.
Invalid HTTP request received.
Invalid HTTP request received.
Invalid HTTP request received.
Invalid HTTP request received.
Invalid HTTP request received.
Invalid HTTP request received.
Invalid HTTP request received.
Invalid HTTP request received.
Invalid HTTP request received.
Invalid HTTP request received.
Invalid HTTP request received.
Invalid HTTP request received.
Invalid HTTP request received.
Invalid HTTP request received.
Invalid HTTP request received.
Invalid HTTP request received.
Invalid HTTP request received.
Invalid HTTP request received.
Invalid HTTP request received.
Invalid HTTP request received.
Invalid HTTP request received.
Invalid HTTP request received.
Invalid HTTP request received.
Invalid HTTP request received.
Invalid HTTP request received.
Invalid HTTP request received.
Invalid HTTP request received.
Invalid HTTP request received.
Invalid HTTP request received.
Invalid HTTP request received.
Invalid HTTP request received.
Invalid HTTP request received.
Invalid HTTP request received.
Invalid HTTP request received.
Invalid HTTP request received.
Invalid HTTP request received.
Invalid HTTP request received.
Invalid HTTP request received.
Invalid HTTP request received.
Invalid HTTP request received.
Invalid HTTP request received.
Invalid HTTP request received.
Invalid HTTP request received.
Invalid HTTP request received.
Invalid HTTP request received.
Invalid HTTP request received.
Invalid HTTP request received.
Invalid HTTP request received.
Invalid HTTP request received.
Invalid HTTP request received.
Invalid HTTP request received.
Invalid HTTP request received.
Invalid HTTP request received.
Invalid HTTP request received.
Invalid HTTP request received.
Invalid HTTP request received.
Invalid HTTP request received.
Invalid HTTP request received.
Invalid HTTP request received.
Invalid HTTP request received.
Invalid HTTP request received.
Invalid HTTP request received.
Invalid HTTP request received.
Invalid HTTP request received.
Invalid HTTP request received.
Invalid HTTP request received.
Invalid HTTP request received.
Invalid HTTP request received.
Invalid HTTP request received.
Invalid HTTP request received.
Invalid HTTP request received.
Invalid HTTP request received.
Invalid HTTP request received.
Invalid HTTP request received.
Invalid HTTP request received.
Invalid HTTP request received.
Invalid HTTP request received.
Invalid HTTP request received.
Invalid HTTP request received.
Invalid HTTP request received.
Invalid HTTP request received.
Invalid HTTP request received.
Invalid HTTP request received.
Invalid HTTP request received.
Invalid HTTP request received.
Invalid HTTP request received.
Invalid HTTP request received.
Invalid HTTP request received.
Invalid HTTP request received.
Invalid HTTP request received.
Invalid HTTP request received.
Invalid HTTP request received.
Invalid HTTP request received.
Invalid HTTP request received.
Invalid HTTP request received.
Invalid HTTP request received.
Invalid HTTP request received.
Invalid HTTP request received.
Invalid HTTP request received.
Invalid HTTP request received.
Invalid HTTP request received.
Invalid HTTP request received.
Invalid HTTP request received.
Invalid HTTP request received.
Invalid HTTP request received.
Invalid HTTP request received.
Invalid HTTP request received.
Invalid HTTP request received.
Invalid HTTP request received.
Invalid HTTP request received.
Invalid HTTP request received.
Invalid HTTP request received.
Invalid HTTP request received.
Invalid HTTP request received.
Invalid HTTP request received.
Invalid HTTP request received.
Invalid HTTP request received.
Invalid HTTP request received.
Invalid HTTP request received.
Invalid HTTP request received.
Invalid HTTP request received.
Invalid HTTP request received.
Invalid HTTP request received.
Invalid HTTP request received.
Invalid HTTP request received.
Invalid HTTP request received.
Invalid HTTP request received.
Invalid HTTP request received.
Invalid HTTP request received.
Invalid HTTP request received.
Invalid HTTP request received.
Invalid HTTP request received.
Invalid HTTP request received.
Invalid HTTP request received.
Invalid HTTP request received.
Invalid HTTP request received.
Invalid HTTP request received.
Invalid HTTP request received.
Invalid HTTP request received.
Invalid HTTP request received.
2026-07-06 20:57:09.539 Please replace `use_container_width` with `width`.

`use_container_width` will be removed after 2025-12-31.

For `use_container_width=True`, use `width='stretch'`. For `use_container_width=False`, use `width='content'`.
2026-07-06 20:57:09.621 Please replace `use_container_width` with `width`.

`use_container_width` will be removed after 2025-12-31.

For `use_container_width=True`, use `width='stretch'`. For `use_container_width=False`, use `width='content'`.
